[08-Sep-2017 19:22:34 UTC] PHP Parse error:  syntax error, unexpected ':' in /home/ubuntu/workspace/jalowe/practice/randomColor.php on line 20
[08-Sep-2017 19:23:48 UTC] PHP Parse error:  syntax error, unexpected ':' in /home/ubuntu/workspace/jalowe/practice/randomColor.php on line 20
[08-Sep-2017 19:23:57 UTC] PHP Parse error:  syntax error, unexpected ':' in /home/ubuntu/workspace/jalowe/practice/randomColor.php on line 20
[08-Sep-2017 19:37:11 UTC] PHP Parse error:  syntax error, unexpected '}', expecting ',' or ';' in /home/ubuntu/workspace/jalowe/practice/randomColor.php on line 7
[08-Sep-2017 19:38:43 UTC] PHP Parse error:  syntax error, unexpected '}', expecting ',' or ';' in /home/ubuntu/workspace/jalowe/practice/randomColor.php on line 7
[08-Sep-2017 19:40:59 UTC] PHP Parse error:  syntax error, unexpected 'echo' (T_ECHO), expecting ',' or ';' in /home/ubuntu/workspace/jalowe/practice/randomColor.php on line 36
[08-Sep-2017 19:41:00 UTC] PHP Parse error:  syntax error, unexpected 'echo' (T_ECHO), expecting ',' or ';' in /home/ubuntu/workspace/jalowe/practice/randomColor.php on line 36
[08-Sep-2017 19:41:26 UTC] PHP Parse error:  syntax error, unexpected 'echo' (T_ECHO), expecting ',' or ';' in /home/ubuntu/workspace/jalowe/practice/randomColor.php on line 36
[08-Sep-2017 19:42:02 UTC] PHP Parse error:  syntax error, unexpected 'echo' (T_ECHO), expecting ',' or ';' in /home/ubuntu/workspace/jalowe/practice/randomColor.php on line 36
[08-Sep-2017 19:43:38 UTC] PHP Parse error:  syntax error, unexpected 'echo' (T_ECHO), expecting ',' or ';' in /home/ubuntu/workspace/jalowe/practice/randomColor.php on line 36
[08-Sep-2017 19:43:39 UTC] PHP Parse error:  syntax error, unexpected 'echo' (T_ECHO), expecting ',' or ';' in /home/ubuntu/workspace/jalowe/practice/randomColor.php on line 36
[08-Sep-2017 19:47:45 UTC] PHP Parse error:  syntax error, unexpected 'echo' (T_ECHO), expecting ',' or ';' in /home/ubuntu/workspace/jalowe/practice/randomColor.php on line 36
[08-Sep-2017 19:47:48 UTC] PHP Parse error:  syntax error, unexpected 'echo' (T_ECHO), expecting ',' or ';' in /home/ubuntu/workspace/jalowe/practice/randomColor.php on line 36
[08-Sep-2017 19:50:06 UTC] PHP Parse error:  syntax error, unexpected '" )"' (T_CONSTANT_ENCAPSED_STRING) in /home/ubuntu/workspace/jalowe/practice/randomColor.php on line 4
[08-Sep-2017 19:50:07 UTC] PHP Parse error:  syntax error, unexpected '" )"' (T_CONSTANT_ENCAPSED_STRING) in /home/ubuntu/workspace/jalowe/practice/randomColor.php on line 4
[13-Sep-2017 19:44:47 UTC] PHP Fatal error:  Unsupported operand types in /home/ubuntu/workspace/jalowe/practice/php_arrays.php on line 47
[13-Sep-2017 19:44:47 UTC] PHP Stack trace:
[13-Sep-2017 19:44:47 UTC] PHP   1. {main}() /home/ubuntu/workspace/jalowe/practice/php_arrays.php:0
[13-Sep-2017 19:44:47 UTC] PHP Fatal error:  Unsupported operand types in /home/ubuntu/workspace/jalowe/practice/php_arrays.php on line 47
[13-Sep-2017 19:44:47 UTC] PHP Stack trace:
[13-Sep-2017 19:44:47 UTC] PHP   1. {main}() /home/ubuntu/workspace/jalowe/practice/php_arrays.php:0
[13-Sep-2017 19:44:48 UTC] PHP Fatal error:  Unsupported operand types in /home/ubuntu/workspace/jalowe/practice/php_arrays.php on line 47
[13-Sep-2017 19:44:48 UTC] PHP Stack trace:
[13-Sep-2017 19:44:48 UTC] PHP   1. {main}() /home/ubuntu/workspace/jalowe/practice/php_arrays.php:0
