[20-Sep-2017 00:53:47 UTC] PHP Warning:  array_push() expects parameter 1 to be array, null given in /home/ubuntu/workspace/jalowe/homework/hw3/inc/functions.php on line 19
[20-Sep-2017 00:53:47 UTC] PHP Stack trace:
[20-Sep-2017 00:53:47 UTC] PHP   1. {main}() /home/ubuntu/workspace/jalowe/homework/hw3/index.php:0
[20-Sep-2017 00:53:47 UTC] PHP   2. dispNum() /home/ubuntu/workspace/jalowe/homework/hw3/index.php:33
[20-Sep-2017 00:53:47 UTC] PHP   3. array_push() /home/ubuntu/workspace/jalowe/homework/hw3/inc/functions.php:19
[20-Sep-2017 00:53:47 UTC] PHP Warning:  array_push() expects parameter 1 to be array, null given in /home/ubuntu/workspace/jalowe/homework/hw3/inc/functions.php on line 19
[20-Sep-2017 00:53:47 UTC] PHP Stack trace:
[20-Sep-2017 00:53:47 UTC] PHP   1. {main}() /home/ubuntu/workspace/jalowe/homework/hw3/index.php:0
[20-Sep-2017 00:53:47 UTC] PHP   2. dispNum() /home/ubuntu/workspace/jalowe/homework/hw3/index.php:33
[20-Sep-2017 00:53:47 UTC] PHP   3. array_push() /home/ubuntu/workspace/jalowe/homework/hw3/inc/functions.php:19
[20-Sep-2017 00:57:21 UTC] PHP Fatal error:  Call to undefined function score() in /home/ubuntu/workspace/jalowe/homework/hw3/index.php on line 41
[20-Sep-2017 00:57:21 UTC] PHP Stack trace:
[20-Sep-2017 00:57:21 UTC] PHP   1. {main}() /home/ubuntu/workspace/jalowe/homework/hw3/index.php:0
[20-Sep-2017 00:57:42 UTC] PHP Warning:  array_push() expects parameter 1 to be array, null given in /home/ubuntu/workspace/jalowe/homework/hw3/inc/functions.php on line 19
[20-Sep-2017 00:57:42 UTC] PHP Stack trace:
[20-Sep-2017 00:57:42 UTC] PHP   1. {main}() /home/ubuntu/workspace/jalowe/homework/hw3/index.php:0
[20-Sep-2017 00:57:42 UTC] PHP   2. dispNum() /home/ubuntu/workspace/jalowe/homework/hw3/index.php:33
[20-Sep-2017 00:57:42 UTC] PHP   3. array_push() /home/ubuntu/workspace/jalowe/homework/hw3/inc/functions.php:19
[20-Sep-2017 00:57:42 UTC] PHP Warning:  array_push() expects parameter 1 to be array, null given in /home/ubuntu/workspace/jalowe/homework/hw3/inc/functions.php on line 19
[20-Sep-2017 00:57:42 UTC] PHP Stack trace:
[20-Sep-2017 00:57:42 UTC] PHP   1. {main}() /home/ubuntu/workspace/jalowe/homework/hw3/index.php:0
[20-Sep-2017 00:57:42 UTC] PHP   2. dispNum() /home/ubuntu/workspace/jalowe/homework/hw3/index.php:33
[20-Sep-2017 00:57:42 UTC] PHP   3. array_push() /home/ubuntu/workspace/jalowe/homework/hw3/inc/functions.php:19
[20-Sep-2017 00:58:28 UTC] PHP Warning:  array_push() expects parameter 1 to be array, null given in /home/ubuntu/workspace/jalowe/homework/hw3/inc/functions.php on line 19
[20-Sep-2017 00:58:28 UTC] PHP Stack trace:
[20-Sep-2017 00:58:28 UTC] PHP   1. {main}() /home/ubuntu/workspace/jalowe/homework/hw3/index.php:0
[20-Sep-2017 00:58:28 UTC] PHP   2. dispNum() /home/ubuntu/workspace/jalowe/homework/hw3/index.php:33
[20-Sep-2017 00:58:28 UTC] PHP   3. array_push() /home/ubuntu/workspace/jalowe/homework/hw3/inc/functions.php:19
[20-Sep-2017 01:05:13 UTC] PHP Fatal error:  Call to undefined function dispNum() in /home/ubuntu/workspace/jalowe/homework/hw3/index.php on line 33
[20-Sep-2017 01:05:13 UTC] PHP Stack trace:
[20-Sep-2017 01:05:13 UTC] PHP   1. {main}() /home/ubuntu/workspace/jalowe/homework/hw3/index.php:0
[20-Sep-2017 01:05:34 UTC] PHP Fatal error:  Call to undefined function dispNum() in /home/ubuntu/workspace/jalowe/homework/hw3/index.php on line 33
[20-Sep-2017 01:05:34 UTC] PHP Stack trace:
[20-Sep-2017 01:05:34 UTC] PHP   1. {main}() /home/ubuntu/workspace/jalowe/homework/hw3/index.php:0
