[22-Sep-2017 19:31:38 UTC] PHP Warning:  Division by zero in /home/ubuntu/workspace/jalowe/labs/lab4/index.php on line 2
[22-Sep-2017 19:31:38 UTC] PHP Stack trace:
[22-Sep-2017 19:31:38 UTC] PHP   1. {main}() /home/ubuntu/workspace/jalowe/labs/lab4/index.php:0
[22-Sep-2017 19:32:00 UTC] PHP Warning:  Division by zero in /home/ubuntu/workspace/jalowe/labs/lab4/index.php on line 2
[22-Sep-2017 19:32:00 UTC] PHP Stack trace:
[22-Sep-2017 19:32:00 UTC] PHP   1. {main}() /home/ubuntu/workspace/jalowe/labs/lab4/index.php:0
[22-Sep-2017 19:33:14 UTC] PHP Warning:  Division by zero in /home/ubuntu/workspace/jalowe/labs/lab4/index.php on line 2
[22-Sep-2017 19:33:14 UTC] PHP Stack trace:
[22-Sep-2017 19:33:14 UTC] PHP   1. {main}() /home/ubuntu/workspace/jalowe/labs/lab4/index.php:0
[22-Sep-2017 19:39:11 UTC] PHP Warning:  Division by zero in /home/ubuntu/workspace/jalowe/labs/lab4/index.php on line 2
[22-Sep-2017 19:39:11 UTC] PHP Stack trace:
[22-Sep-2017 19:39:11 UTC] PHP   1. {main}() /home/ubuntu/workspace/jalowe/labs/lab4/index.php:0
[22-Sep-2017 19:42:11 UTC] PHP Warning:  Division by zero in /home/ubuntu/workspace/jalowe/labs/lab4/index.php on line 2
[22-Sep-2017 19:42:11 UTC] PHP Stack trace:
[22-Sep-2017 19:42:11 UTC] PHP   1. {main}() /home/ubuntu/workspace/jalowe/labs/lab4/index.php:0
[22-Sep-2017 19:50:23 UTC] PHP Warning:  include(api/pixabayAPI.php): failed to open stream: No such file or directory in /home/ubuntu/workspace/jalowe/labs/lab4/index.php on line 8
[22-Sep-2017 19:50:23 UTC] PHP Stack trace:
[22-Sep-2017 19:50:23 UTC] PHP   1. {main}() /home/ubuntu/workspace/jalowe/labs/lab4/index.php:0
[22-Sep-2017 19:50:23 UTC] PHP Warning:  include(): Failed opening 'api/pixabayAPI.php' for inclusion (include_path='.:/usr/share/php:/usr/share/pear') in /home/ubuntu/workspace/jalowe/labs/lab4/index.php on line 8
[22-Sep-2017 19:50:23 UTC] PHP Stack trace:
[22-Sep-2017 19:50:23 UTC] PHP   1. {main}() /home/ubuntu/workspace/jalowe/labs/lab4/index.php:0
[22-Sep-2017 19:50:23 UTC] PHP Fatal error:  Call to undefined function getImageURLs() in /home/ubuntu/workspace/jalowe/labs/lab4/index.php on line 9
[22-Sep-2017 19:50:23 UTC] PHP Stack trace:
[22-Sep-2017 19:50:23 UTC] PHP   1. {main}() /home/ubuntu/workspace/jalowe/labs/lab4/index.php:0
[22-Sep-2017 19:50:43 UTC] PHP Warning:  include(api/pixabayAPI.php): failed to open stream: No such file or directory in /home/ubuntu/workspace/jalowe/labs/lab4/index.php on line 8
[22-Sep-2017 19:50:43 UTC] PHP Stack trace:
[22-Sep-2017 19:50:43 UTC] PHP   1. {main}() /home/ubuntu/workspace/jalowe/labs/lab4/index.php:0
[22-Sep-2017 19:50:43 UTC] PHP Warning:  include(): Failed opening 'api/pixabayAPI.php' for inclusion (include_path='.:/usr/share/php:/usr/share/pear') in /home/ubuntu/workspace/jalowe/labs/lab4/index.php on line 8
[22-Sep-2017 19:50:43 UTC] PHP Stack trace:
[22-Sep-2017 19:50:43 UTC] PHP   1. {main}() /home/ubuntu/workspace/jalowe/labs/lab4/index.php:0
[22-Sep-2017 19:50:43 UTC] PHP Warning:  include(api/pixabayAPI.php): failed to open stream: No such file or directory in /home/ubuntu/workspace/jalowe/labs/lab4/index.php on line 8
[22-Sep-2017 19:50:43 UTC] PHP Stack trace:
[22-Sep-2017 19:50:43 UTC] PHP   1. {main}() /home/ubuntu/workspace/jalowe/labs/lab4/index.php:0
[22-Sep-2017 19:50:43 UTC] PHP Warning:  include(): Failed opening 'api/pixabayAPI.php' for inclusion (include_path='.:/usr/share/php:/usr/share/pear') in /home/ubuntu/workspace/jalowe/labs/lab4/index.php on line 8
[22-Sep-2017 19:50:43 UTC] PHP Stack trace:
[22-Sep-2017 19:50:43 UTC] PHP   1. {main}() /home/ubuntu/workspace/jalowe/labs/lab4/index.php:0
[22-Sep-2017 19:50:46 UTC] PHP Warning:  include(api/pixabayAPI.php): failed to open stream: No such file or directory in /home/ubuntu/workspace/jalowe/labs/lab4/index.php on line 8
[22-Sep-2017 19:50:46 UTC] PHP Stack trace:
[22-Sep-2017 19:50:46 UTC] PHP   1. {main}() /home/ubuntu/workspace/jalowe/labs/lab4/index.php:0
[22-Sep-2017 19:50:46 UTC] PHP Warning:  include(): Failed opening 'api/pixabayAPI.php' for inclusion (include_path='.:/usr/share/php:/usr/share/pear') in /home/ubuntu/workspace/jalowe/labs/lab4/index.php on line 8
[22-Sep-2017 19:50:46 UTC] PHP Stack trace:
[22-Sep-2017 19:50:46 UTC] PHP   1. {main}() /home/ubuntu/workspace/jalowe/labs/lab4/index.php:0
[22-Sep-2017 19:50:47 UTC] PHP Warning:  include(api/pixabayAPI.php): failed to open stream: No such file or directory in /home/ubuntu/workspace/jalowe/labs/lab4/index.php on line 8
[22-Sep-2017 19:50:47 UTC] PHP Stack trace:
[22-Sep-2017 19:50:47 UTC] PHP   1. {main}() /home/ubuntu/workspace/jalowe/labs/lab4/index.php:0
[22-Sep-2017 19:50:47 UTC] PHP Warning:  include(): Failed opening 'api/pixabayAPI.php' for inclusion (include_path='.:/usr/share/php:/usr/share/pear') in /home/ubuntu/workspace/jalowe/labs/lab4/index.php on line 8
[22-Sep-2017 19:50:47 UTC] PHP Stack trace:
[22-Sep-2017 19:50:47 UTC] PHP   1. {main}() /home/ubuntu/workspace/jalowe/labs/lab4/index.php:0
[22-Sep-2017 19:51:56 UTC] PHP Warning:  Division by zero in /home/ubuntu/workspace/jalowe/labs/lab4/index.php on line 2
[22-Sep-2017 19:51:56 UTC] PHP Stack trace:
[22-Sep-2017 19:51:56 UTC] PHP   1. {main}() /home/ubuntu/workspace/jalowe/labs/lab4/index.php:0
[22-Sep-2017 19:52:16 UTC] PHP Warning:  include(api/pixabayAPI.php): failed to open stream: No such file or directory in /home/ubuntu/workspace/jalowe/labs/lab4/index.php on line 8
[22-Sep-2017 19:52:16 UTC] PHP Stack trace:
[22-Sep-2017 19:52:16 UTC] PHP   1. {main}() /home/ubuntu/workspace/jalowe/labs/lab4/index.php:0
[22-Sep-2017 19:52:16 UTC] PHP Warning:  include(): Failed opening 'api/pixabayAPI.php' for inclusion (include_path='.:/usr/share/php:/usr/share/pear') in /home/ubuntu/workspace/jalowe/labs/lab4/index.php on line 8
[22-Sep-2017 19:52:16 UTC] PHP Stack trace:
[22-Sep-2017 19:52:16 UTC] PHP   1. {main}() /home/ubuntu/workspace/jalowe/labs/lab4/index.php:0
[22-Sep-2017 19:53:15 UTC] PHP Warning:  include(api/pixabayAPI.php): failed to open stream: No such file or directory in /home/ubuntu/workspace/jalowe/labs/lab4/index.php on line 8
[22-Sep-2017 19:53:15 UTC] PHP Stack trace:
[22-Sep-2017 19:53:15 UTC] PHP   1. {main}() /home/ubuntu/workspace/jalowe/labs/lab4/index.php:0
[22-Sep-2017 19:53:15 UTC] PHP Warning:  include(): Failed opening 'api/pixabayAPI.php' for inclusion (include_path='.:/usr/share/php:/usr/share/pear') in /home/ubuntu/workspace/jalowe/labs/lab4/index.php on line 8
[22-Sep-2017 19:53:15 UTC] PHP Stack trace:
[22-Sep-2017 19:53:15 UTC] PHP   1. {main}() /home/ubuntu/workspace/jalowe/labs/lab4/index.php:0
[22-Sep-2017 19:53:15 UTC] PHP Fatal error:  Call to undefined function getImageURLs() in /home/ubuntu/workspace/jalowe/labs/lab4/index.php on line 9
[22-Sep-2017 19:53:15 UTC] PHP Stack trace:
[22-Sep-2017 19:53:15 UTC] PHP   1. {main}() /home/ubuntu/workspace/jalowe/labs/lab4/index.php:0
[22-Sep-2017 19:54:37 UTC] PHP Warning:  include(api/pixabayAPI.php): failed to open stream: No such file or directory in /home/ubuntu/workspace/jalowe/labs/lab4/index.php on line 8
[22-Sep-2017 19:54:37 UTC] PHP Stack trace:
[22-Sep-2017 19:54:37 UTC] PHP   1. {main}() /home/ubuntu/workspace/jalowe/labs/lab4/index.php:0
[22-Sep-2017 19:54:37 UTC] PHP Warning:  include(): Failed opening 'api/pixabayAPI.php' for inclusion (include_path='.:/usr/share/php:/usr/share/pear') in /home/ubuntu/workspace/jalowe/labs/lab4/index.php on line 8
[22-Sep-2017 19:54:37 UTC] PHP Stack trace:
[22-Sep-2017 19:54:37 UTC] PHP   1. {main}() /home/ubuntu/workspace/jalowe/labs/lab4/index.php:0
[22-Sep-2017 19:55:23 UTC] PHP Warning:  include(api/pixabayAPI.php): failed to open stream: No such file or directory in /home/ubuntu/workspace/jalowe/labs/lab4/index.php on line 8
[22-Sep-2017 19:55:23 UTC] PHP Stack trace:
[22-Sep-2017 19:55:23 UTC] PHP   1. {main}() /home/ubuntu/workspace/jalowe/labs/lab4/index.php:0
[22-Sep-2017 19:55:23 UTC] PHP Warning:  include(): Failed opening 'api/pixabayAPI.php' for inclusion (include_path='.:/usr/share/php:/usr/share/pear') in /home/ubuntu/workspace/jalowe/labs/lab4/index.php on line 8
[22-Sep-2017 19:55:23 UTC] PHP Stack trace:
[22-Sep-2017 19:55:23 UTC] PHP   1. {main}() /home/ubuntu/workspace/jalowe/labs/lab4/index.php:0
[22-Sep-2017 19:55:23 UTC] PHP Fatal error:  Call to undefined function getImageURLs() in /home/ubuntu/workspace/jalowe/labs/lab4/index.php on line 9
[22-Sep-2017 19:55:23 UTC] PHP Stack trace:
[22-Sep-2017 19:55:23 UTC] PHP   1. {main}() /home/ubuntu/workspace/jalowe/labs/lab4/index.php:0
[22-Sep-2017 19:56:24 UTC] PHP Warning:  include(api/pixabayAPI.php): failed to open stream: No such file or directory in /home/ubuntu/workspace/jalowe/labs/lab4/index.php on line 8
[22-Sep-2017 19:56:24 UTC] PHP Stack trace:
[22-Sep-2017 19:56:24 UTC] PHP   1. {main}() /home/ubuntu/workspace/jalowe/labs/lab4/index.php:0
[22-Sep-2017 19:56:24 UTC] PHP Warning:  include(): Failed opening 'api/pixabayAPI.php' for inclusion (include_path='.:/usr/share/php:/usr/share/pear') in /home/ubuntu/workspace/jalowe/labs/lab4/index.php on line 8
[22-Sep-2017 19:56:24 UTC] PHP Stack trace:
[22-Sep-2017 19:56:24 UTC] PHP   1. {main}() /home/ubuntu/workspace/jalowe/labs/lab4/index.php:0
[22-Sep-2017 19:56:24 UTC] PHP Fatal error:  Call to undefined function getImageURLs() in /home/ubuntu/workspace/jalowe/labs/lab4/index.php on line 9
[22-Sep-2017 19:56:24 UTC] PHP Stack trace:
[22-Sep-2017 19:56:24 UTC] PHP   1. {main}() /home/ubuntu/workspace/jalowe/labs/lab4/index.php:0
[22-Sep-2017 19:59:29 UTC] PHP Warning:  include(api/pixabayAPI.php): failed to open stream: No such file or directory in /home/ubuntu/workspace/jalowe/labs/lab4/index.php on line 8
[22-Sep-2017 19:59:29 UTC] PHP Stack trace:
[22-Sep-2017 19:59:29 UTC] PHP   1. {main}() /home/ubuntu/workspace/jalowe/labs/lab4/index.php:0
[22-Sep-2017 19:59:29 UTC] PHP Warning:  include(): Failed opening 'api/pixabayAPI.php' for inclusion (include_path='.:/usr/share/php:/usr/share/pear') in /home/ubuntu/workspace/jalowe/labs/lab4/index.php on line 8
[22-Sep-2017 19:59:29 UTC] PHP Stack trace:
[22-Sep-2017 19:59:29 UTC] PHP   1. {main}() /home/ubuntu/workspace/jalowe/labs/lab4/index.php:0
[22-Sep-2017 19:59:29 UTC] PHP Fatal error:  Call to undefined function getImageURLs() in /home/ubuntu/workspace/jalowe/labs/lab4/index.php on line 9
[22-Sep-2017 19:59:29 UTC] PHP Stack trace:
[22-Sep-2017 19:59:29 UTC] PHP   1. {main}() /home/ubuntu/workspace/jalowe/labs/lab4/index.php:0
