[06-Oct-2017 20:23:12 UTC] PHP Fatal error:  Uncaught exception 'PDOException' with message 'SQLSTATE[HY000] [1049] Unknown database 'tc'' in /home/ubuntu/workspace/jalowe/labs/lab5/practice.php:7
Stack trace:
#0 /home/ubuntu/workspace/jalowe/labs/lab5/practice.php(7): PDO->__construct('mysql:host=loca...', 'root', '')
#1 {main}
  thrown in /home/ubuntu/workspace/jalowe/labs/lab5/practice.php on line 7
[06-Oct-2017 20:38:01 UTC] PHP Fatal error:  Uncaught exception 'PDOException' with message 'SQLSTATE[42S02]: Base table or view not found: 1146 Table 'tcp.tc_user' doesn't exist' in /home/ubuntu/workspace/jalowe/labs/lab5/practice.php:18
Stack trace:
#0 /home/ubuntu/workspace/jalowe/labs/lab5/practice.php(18): PDOStatement->execute()
#1 /home/ubuntu/workspace/jalowe/labs/lab5/practice.php(40): usersWithanA()
#2 {main}
  thrown in /home/ubuntu/workspace/jalowe/labs/lab5/practice.php on line 18
[06-Oct-2017 20:39:18 UTC] PHP Fatal error:  Uncaught exception 'PDOException' with message 'SQLSTATE[42S02]: Base table or view not found: 1146 Table 'tcp.tc_device' doesn't exist' in /home/ubuntu/workspace/jalowe/labs/lab5/practice.php:18
Stack trace:
#0 /home/ubuntu/workspace/jalowe/labs/lab5/practice.php(18): PDOStatement->execute()
#1 /home/ubuntu/workspace/jalowe/labs/lab5/practice.php(40): usersWithanA()
#2 {main}
  thrown in /home/ubuntu/workspace/jalowe/labs/lab5/practice.php on line 18
[13-Oct-2017 19:13:24 UTC] PHP Parse error:  syntax error, unexpected '$record' (T_VARIABLE), expecting ',' or ';' in /home/ubuntu/workspace/jalowe/labs/lab5/index.php on line 37
[13-Oct-2017 20:09:38 UTC] PHP Fatal error:  Call to a member function prepare() on a non-object in /home/ubuntu/workspace/jalowe/labs/lab5/checkoutHistory.php on line 11
[13-Oct-2017 20:09:38 UTC] PHP Stack trace:
[13-Oct-2017 20:09:38 UTC] PHP   1. {main}() /home/ubuntu/workspace/jalowe/labs/lab5/checkoutHistory.php:0
[13-Oct-2017 20:09:38 UTC] PHP   2. checkoutHistory() /home/ubuntu/workspace/jalowe/labs/lab5/checkoutHistory.php:34
[13-Oct-2017 20:10:11 UTC] PHP Fatal error:  Call to a member function prepare() on a non-object in /home/ubuntu/workspace/jalowe/labs/lab5/checkoutHistory.php on line 11
[13-Oct-2017 20:10:11 UTC] PHP Stack trace:
[13-Oct-2017 20:10:11 UTC] PHP   1. {main}() /home/ubuntu/workspace/jalowe/labs/lab5/checkoutHistory.php:0
[13-Oct-2017 20:10:11 UTC] PHP   2. checkoutHistory() /home/ubuntu/workspace/jalowe/labs/lab5/checkoutHistory.php:34
[13-Oct-2017 20:24:27 UTC] PHP Fatal error:  Call to a member function prepare() on a non-object in /home/ubuntu/workspace/jalowe/labs/lab5/checkoutHistory.php on line 17
[13-Oct-2017 20:24:27 UTC] PHP Stack trace:
[13-Oct-2017 20:24:27 UTC] PHP   1. {main}() /home/ubuntu/workspace/jalowe/labs/lab5/checkoutHistory.php:0
[13-Oct-2017 20:24:27 UTC] PHP   2. checkoutHistory() /home/ubuntu/workspace/jalowe/labs/lab5/checkoutHistory.php:44
[13-Oct-2017 20:24:29 UTC] PHP Fatal error:  Call to a member function prepare() on a non-object in /home/ubuntu/workspace/jalowe/labs/lab5/checkoutHistory.php on line 17
[13-Oct-2017 20:24:29 UTC] PHP Stack trace:
[13-Oct-2017 20:24:29 UTC] PHP   1. {main}() /home/ubuntu/workspace/jalowe/labs/lab5/checkoutHistory.php:0
[13-Oct-2017 20:24:29 UTC] PHP   2. checkoutHistory() /home/ubuntu/workspace/jalowe/labs/lab5/checkoutHistory.php:44
[13-Oct-2017 20:26:18 UTC] PHP Fatal error:  Call to a member function prepare() on a non-object in /home/ubuntu/workspace/jalowe/labs/lab5/checkoutHistory.php on line 19
[13-Oct-2017 20:26:18 UTC] PHP Stack trace:
[13-Oct-2017 20:26:18 UTC] PHP   1. {main}() /home/ubuntu/workspace/jalowe/labs/lab5/checkoutHistory.php:0
[13-Oct-2017 20:26:18 UTC] PHP   2. checkoutHistory() /home/ubuntu/workspace/jalowe/labs/lab5/checkoutHistory.php:46
[13-Oct-2017 20:26:36 UTC] PHP Fatal error:  Call to a member function prepare() on a non-object in /home/ubuntu/workspace/jalowe/labs/lab5/checkoutHistory.php on line 19
[13-Oct-2017 20:26:36 UTC] PHP Stack trace:
[13-Oct-2017 20:26:36 UTC] PHP   1. {main}() /home/ubuntu/workspace/jalowe/labs/lab5/checkoutHistory.php:0
[13-Oct-2017 20:26:36 UTC] PHP   2. checkoutHistory() /home/ubuntu/workspace/jalowe/labs/lab5/checkoutHistory.php:46
[16-Oct-2017 01:04:13 UTC] PHP Warning:  include(../../../dbConnection.php): failed to open stream: No such file or directory in /home/ubuntu/workspace/jalowe/labs/lab5/index.php on line 3
[16-Oct-2017 01:04:13 UTC] PHP Stack trace:
[16-Oct-2017 01:04:13 UTC] PHP   1. {main}() /home/ubuntu/workspace/jalowe/labs/lab5/index.php:0
[16-Oct-2017 01:04:13 UTC] PHP Warning:  include(): Failed opening '../../../dbConnection.php' for inclusion (include_path='.:/usr/share/php:/usr/share/pear') in /home/ubuntu/workspace/jalowe/labs/lab5/index.php on line 3
[16-Oct-2017 01:04:13 UTC] PHP Stack trace:
[16-Oct-2017 01:04:13 UTC] PHP   1. {main}() /home/ubuntu/workspace/jalowe/labs/lab5/index.php:0
[16-Oct-2017 01:04:13 UTC] PHP Fatal error:  Call to undefined function getDatabaseConnection() in /home/ubuntu/workspace/jalowe/labs/lab5/index.php on line 5
[16-Oct-2017 01:04:13 UTC] PHP Stack trace:
[16-Oct-2017 01:04:13 UTC] PHP   1. {main}() /home/ubuntu/workspace/jalowe/labs/lab5/index.php:0
[16-Oct-2017 01:04:38 UTC] PHP Fatal error:  Cannot redeclare getDeviceTypes() (previously declared in /home/ubuntu/workspace/jalowe/labs/lab5/index.php:7) in /home/ubuntu/workspace/jalowe/dbConnection.php on line 7
[16-Oct-2017 01:04:38 UTC] PHP Stack trace:
[16-Oct-2017 01:04:38 UTC] PHP   1. {main}() /home/ubuntu/workspace/jalowe/labs/lab5/index.php:0
[16-Oct-2017 01:04:43 UTC] PHP Fatal error:  Cannot redeclare getDeviceTypes() (previously declared in /home/ubuntu/workspace/jalowe/labs/lab5/index.php:7) in /home/ubuntu/workspace/jalowe/dbConnection.php on line 7
[16-Oct-2017 01:04:43 UTC] PHP Stack trace:
[16-Oct-2017 01:04:43 UTC] PHP   1. {main}() /home/ubuntu/workspace/jalowe/labs/lab5/index.php:0
[16-Oct-2017 01:05:40 UTC] PHP Fatal error:  Cannot redeclare getDeviceTypes() (previously declared in /home/ubuntu/workspace/jalowe/labs/lab5/index.php:7) in /home/ubuntu/workspace/jalowe/dbConnection.php on line 7
[16-Oct-2017 01:05:40 UTC] PHP Stack trace:
[16-Oct-2017 01:05:40 UTC] PHP   1. {main}() /home/ubuntu/workspace/jalowe/labs/lab5/index.php:0
[16-Oct-2017 01:05:55 UTC] PHP Fatal error:  Cannot redeclare getDeviceTypes() (previously declared in /home/ubuntu/workspace/jalowe/labs/lab5/index.php:7) in /home/ubuntu/workspace/jalowe/dbConnection.php on line 7
[16-Oct-2017 01:05:55 UTC] PHP Stack trace:
[16-Oct-2017 01:05:55 UTC] PHP   1. {main}() /home/ubuntu/workspace/jalowe/labs/lab5/index.php:0
[16-Oct-2017 01:06:44 UTC] PHP Fatal error:  Cannot redeclare displayDevices() (previously declared in /home/ubuntu/workspace/jalowe/labs/lab5/index.php:7) in /home/ubuntu/workspace/jalowe/dbConnection.php on line 25
[16-Oct-2017 01:06:44 UTC] PHP Stack trace:
[16-Oct-2017 01:06:44 UTC] PHP   1. {main}() /home/ubuntu/workspace/jalowe/labs/lab5/index.php:0
[16-Oct-2017 01:07:21 UTC] PHP Fatal error:  Cannot redeclare getDeviceTypes() (previously declared in /home/ubuntu/workspace/jalowe/dbConnection.php:7) in /home/ubuntu/workspace/jalowe/dbConnection.php on line 7
[16-Oct-2017 01:07:21 UTC] PHP Stack trace:
[16-Oct-2017 01:07:21 UTC] PHP   1. {main}() /home/ubuntu/workspace/jalowe/labs/lab5/index.php:0
[16-Oct-2017 01:07:21 UTC] PHP   2. include() /home/ubuntu/workspace/jalowe/labs/lab5/index.php:3
[16-Oct-2017 01:08:02 UTC] PHP Fatal error:  Cannot redeclare getDeviceTypes() (previously declared in /home/ubuntu/workspace/jalowe/dbConnection.php:7) in /home/ubuntu/workspace/jalowe/dbConnection.php on line 7
[16-Oct-2017 01:08:02 UTC] PHP Stack trace:
[16-Oct-2017 01:08:02 UTC] PHP   1. {main}() /home/ubuntu/workspace/jalowe/labs/lab5/index.php:0
[16-Oct-2017 01:08:02 UTC] PHP   2. include() /home/ubuntu/workspace/jalowe/labs/lab5/index.php:3
[16-Oct-2017 01:17:29 UTC] PHP Warning:  include(../../../dbConnection.php): failed to open stream: No such file or directory in /home/ubuntu/workspace/jalowe/labs/lab5/inc/functions.php on line 2
[16-Oct-2017 01:17:29 UTC] PHP Stack trace:
[16-Oct-2017 01:17:29 UTC] PHP   1. {main}() /home/ubuntu/workspace/jalowe/labs/lab5/index.php:0
[16-Oct-2017 01:17:29 UTC] PHP   2. include() /home/ubuntu/workspace/jalowe/labs/lab5/index.php:3
[16-Oct-2017 01:17:29 UTC] PHP Warning:  include(): Failed opening '../../../dbConnection.php' for inclusion (include_path='.:/usr/share/php:/usr/share/pear') in /home/ubuntu/workspace/jalowe/labs/lab5/inc/functions.php on line 2
[16-Oct-2017 01:17:29 UTC] PHP Stack trace:
[16-Oct-2017 01:17:29 UTC] PHP   1. {main}() /home/ubuntu/workspace/jalowe/labs/lab5/index.php:0
[16-Oct-2017 01:17:29 UTC] PHP   2. include() /home/ubuntu/workspace/jalowe/labs/lab5/index.php:3
[16-Oct-2017 01:18:24 UTC] PHP Fatal error:  Cannot redeclare getDatabaseConnection() (previously declared in /home/ubuntu/workspace/jalowe/dbConnection.php:4) in /home/ubuntu/workspace/jalowe/dbConnection.php on line 4
[16-Oct-2017 01:18:24 UTC] PHP Stack trace:
[16-Oct-2017 01:18:24 UTC] PHP   1. {main}() /home/ubuntu/workspace/jalowe/labs/lab5/index.php:0
[16-Oct-2017 01:18:24 UTC] PHP   2. include() /home/ubuntu/workspace/jalowe/labs/lab5/index.php:3
[16-Oct-2017 01:18:39 UTC] PHP Warning:  include(../../../dbConnection.php): failed to open stream: No such file or directory in /home/ubuntu/workspace/jalowe/labs/lab5/index.php on line 2
[16-Oct-2017 01:18:39 UTC] PHP Stack trace:
[16-Oct-2017 01:18:39 UTC] PHP   1. {main}() /home/ubuntu/workspace/jalowe/labs/lab5/index.php:0
[16-Oct-2017 01:18:39 UTC] PHP Warning:  include(): Failed opening '../../../dbConnection.php' for inclusion (include_path='.:/usr/share/php:/usr/share/pear') in /home/ubuntu/workspace/jalowe/labs/lab5/index.php on line 2
[16-Oct-2017 01:18:39 UTC] PHP Stack trace:
[16-Oct-2017 01:18:39 UTC] PHP   1. {main}() /home/ubuntu/workspace/jalowe/labs/lab5/index.php:0
[16-Oct-2017 01:19:29 UTC] PHP Fatal error:  Cannot redeclare getDatabaseConnection() (previously declared in /home/ubuntu/workspace/jalowe/dbConnection.php:4) in /home/ubuntu/workspace/jalowe/dbConnection.php on line 4
[16-Oct-2017 01:19:29 UTC] PHP Stack trace:
[16-Oct-2017 01:19:29 UTC] PHP   1. {main}() /home/ubuntu/workspace/jalowe/labs/lab5/index.php:0
[16-Oct-2017 01:19:29 UTC] PHP   2. include() /home/ubuntu/workspace/jalowe/labs/lab5/index.php:3
[16-Oct-2017 01:30:58 UTC] PHP Fatal error:  Uncaught exception 'PDOException' with message 'SQLSTATE[HY093]: Invalid parameter number: number of bound variables does not match number of tokens' in /home/ubuntu/workspace/jalowe/labs/lab5/index.php:69
Stack trace:
#0 /home/ubuntu/workspace/jalowe/labs/lab5/index.php(69): PDOStatement->execute(Array)
#1 /home/ubuntu/workspace/jalowe/labs/lab5/index.php(113): displayDevices()
#2 {main}
  thrown in /home/ubuntu/workspace/jalowe/labs/lab5/index.php on line 69
[16-Oct-2017 01:32:13 UTC] PHP Fatal error:  Uncaught exception 'PDOException' with message 'SQLSTATE[42000]: Syntax error or access violation: 1064 You have an error in your SQL syntax; check the manual that corresponds to your MySQL server version for the right syntax to use near 'TAB AND deviceType = 'Select One'' at line 1' in /home/ubuntu/workspace/jalowe/labs/lab5/index.php:69
Stack trace:
#0 /home/ubuntu/workspace/jalowe/labs/lab5/index.php(69): PDOStatement->execute(Array)
#1 /home/ubuntu/workspace/jalowe/labs/lab5/index.php(113): displayDevices()
#2 {main}
  thrown in /home/ubuntu/workspace/jalowe/labs/lab5/index.php on line 69
[16-Oct-2017 01:32:34 UTC] PHP Fatal error:  Uncaught exception 'PDOException' with message 'SQLSTATE[42000]: Syntax error or access violation: 1064 You have an error in your SQL syntax; check the manual that corresponds to your MySQL server version for the right syntax to use near 'TAB AND deviceType = 'Select One'' at line 1' in /home/ubuntu/workspace/jalowe/labs/lab5/index.php:69
Stack trace:
#0 /home/ubuntu/workspace/jalowe/labs/lab5/index.php(69): PDOStatement->execute(Array)
#1 /home/ubuntu/workspace/jalowe/labs/lab5/index.php(113): displayDevices()
#2 {main}
  thrown in /home/ubuntu/workspace/jalowe/labs/lab5/index.php on line 69
[16-Oct-2017 01:40:14 UTC] PHP Warning:  include(../../../dbConnection.php): failed to open stream: No such file or directory in /home/ubuntu/workspace/jalowe/labs/lab5/index.php on line 3
[16-Oct-2017 01:40:14 UTC] PHP Stack trace:
[16-Oct-2017 01:40:14 UTC] PHP   1. {main}() /home/ubuntu/workspace/jalowe/labs/lab5/index.php:0
[16-Oct-2017 01:40:14 UTC] PHP Warning:  include(): Failed opening '../../../dbConnection.php' for inclusion (include_path='.:/usr/share/php:/usr/share/pear') in /home/ubuntu/workspace/jalowe/labs/lab5/index.php on line 3
[16-Oct-2017 01:40:14 UTC] PHP Stack trace:
[16-Oct-2017 01:40:14 UTC] PHP   1. {main}() /home/ubuntu/workspace/jalowe/labs/lab5/index.php:0
[16-Oct-2017 01:40:14 UTC] PHP Fatal error:  Call to undefined function getDatabaseConnection() in /home/ubuntu/workspace/jalowe/labs/lab5/index.php on line 5
[16-Oct-2017 01:40:14 UTC] PHP Stack trace:
[16-Oct-2017 01:40:14 UTC] PHP   1. {main}() /home/ubuntu/workspace/jalowe/labs/lab5/index.php:0
[16-Oct-2017 01:44:27 UTC] PHP Fatal error:  Uncaught exception 'PDOException' with message 'SQLSTATE[HY093]: Invalid parameter number: no parameters were bound' in /home/ubuntu/workspace/jalowe/labs/lab5/index.php:61
Stack trace:
#0 /home/ubuntu/workspace/jalowe/labs/lab5/index.php(61): PDOStatement->execute()
#1 /home/ubuntu/workspace/jalowe/labs/lab5/index.php(100): displayDevices()
#2 {main}
  thrown in /home/ubuntu/workspace/jalowe/labs/lab5/index.php on line 61
[16-Oct-2017 01:47:02 UTC] PHP Parse error:  syntax error, unexpected '' (T_ENCAPSED_AND_WHITESPACE), expecting identifier (T_STRING) or variable (T_VARIABLE) or number (T_NUM_STRING) in /home/ubuntu/workspace/jalowe/labs/lab5/index.php on line 44
[16-Oct-2017 01:47:50 UTC] PHP Fatal error:  Uncaught exception 'PDOException' with message 'SQLSTATE[42S22]: Column not found: 1054 Unknown column 'Camera' in 'where clause'' in /home/ubuntu/workspace/jalowe/labs/lab5/index.php:60
Stack trace:
#0 /home/ubuntu/workspace/jalowe/labs/lab5/index.php(60): PDOStatement->execute()
#1 /home/ubuntu/workspace/jalowe/labs/lab5/index.php(99): displayDevices()
#2 {main}
  thrown in /home/ubuntu/workspace/jalowe/labs/lab5/index.php on line 60
[16-Oct-2017 01:47:53 UTC] PHP Fatal error:  Uncaught exception 'PDOException' with message 'SQLSTATE[42S22]: Column not found: 1054 Unknown column 'Camera' in 'where clause'' in /home/ubuntu/workspace/jalowe/labs/lab5/index.php:60
Stack trace:
#0 /home/ubuntu/workspace/jalowe/labs/lab5/index.php(60): PDOStatement->execute()
#1 /home/ubuntu/workspace/jalowe/labs/lab5/index.php(99): displayDevices()
#2 {main}
  thrown in /home/ubuntu/workspace/jalowe/labs/lab5/index.php on line 60
[16-Oct-2017 01:48:03 UTC] PHP Fatal error:  Uncaught exception 'PDOException' with message 'SQLSTATE[42S22]: Column not found: 1054 Unknown column 'Camera' in 'where clause'' in /home/ubuntu/workspace/jalowe/labs/lab5/index.php:60
Stack trace:
#0 /home/ubuntu/workspace/jalowe/labs/lab5/index.php(60): PDOStatement->execute()
#1 /home/ubuntu/workspace/jalowe/labs/lab5/index.php(99): displayDevices()
#2 {main}
  thrown in /home/ubuntu/workspace/jalowe/labs/lab5/index.php on line 60
[16-Oct-2017 01:48:05 UTC] PHP Fatal error:  Uncaught exception 'PDOException' with message 'SQLSTATE[42S22]: Column not found: 1054 Unknown column 'Camera' in 'where clause'' in /home/ubuntu/workspace/jalowe/labs/lab5/index.php:60
Stack trace:
#0 /home/ubuntu/workspace/jalowe/labs/lab5/index.php(60): PDOStatement->execute()
#1 /home/ubuntu/workspace/jalowe/labs/lab5/index.php(99): displayDevices()
#2 {main}
  thrown in /home/ubuntu/workspace/jalowe/labs/lab5/index.php on line 60
[16-Oct-2017 01:48:17 UTC] PHP Fatal error:  Uncaught exception 'PDOException' with message 'SQLSTATE[42S22]: Column not found: 1054 Unknown column 'Camera' in 'where clause'' in /home/ubuntu/workspace/jalowe/labs/lab5/index.php:60
Stack trace:
#0 /home/ubuntu/workspace/jalowe/labs/lab5/index.php(60): PDOStatement->execute()
#1 /home/ubuntu/workspace/jalowe/labs/lab5/index.php(99): displayDevices()
#2 {main}
  thrown in /home/ubuntu/workspace/jalowe/labs/lab5/index.php on line 60
[16-Oct-2017 01:49:13 UTC] PHP Fatal error:  Uncaught exception 'PDOException' with message 'SQLSTATE[42S22]: Column not found: 1054 Unknown column 'Camera' in 'where clause'' in /home/ubuntu/workspace/jalowe/labs/lab5/index.php:60
Stack trace:
#0 /home/ubuntu/workspace/jalowe/labs/lab5/index.php(60): PDOStatement->execute()
#1 /home/ubuntu/workspace/jalowe/labs/lab5/index.php(99): displayDevices()
#2 {main}
  thrown in /home/ubuntu/workspace/jalowe/labs/lab5/index.php on line 60
[16-Oct-2017 01:53:50 UTC] PHP Fatal error:  Uncaught exception 'PDOException' with message 'SQLSTATE[42000]: Syntax error or access violation: 1064 You have an error in your SQL syntax; check the manual that corresponds to your MySQL server version for the right syntax to use near 'Select One AND deviceName LIKE '%GALAXY%'' at line 1' in /home/ubuntu/workspace/jalowe/labs/lab5/index.php:61
Stack trace:
#0 /home/ubuntu/workspace/jalowe/labs/lab5/index.php(61): PDOStatement->execute()
#1 /home/ubuntu/workspace/jalowe/labs/lab5/index.php(100): displayDevices()
#2 {main}
  thrown in /home/ubuntu/workspace/jalowe/labs/lab5/index.php on line 61
[16-Oct-2017 02:03:47 UTC] PHP Fatal error:  Uncaught exception 'PDOException' with message 'SQLSTATE[42S22]: Column not found: 1054 Unknown column 'A' in 'where clause'' in /home/ubuntu/workspace/jalowe/labs/lab5/index.php:71
Stack trace:
#0 /home/ubuntu/workspace/jalowe/labs/lab5/index.php(71): PDOStatement->execute(Array)
#1 /home/ubuntu/workspace/jalowe/labs/lab5/index.php(120): displayDevices()
#2 {main}
  thrown in /home/ubuntu/workspace/jalowe/labs/lab5/index.php on line 71
[16-Oct-2017 02:11:06 UTC] PHP Fatal error:  Uncaught exception 'PDOException' with message 'SQLSTATE[42000]: Syntax error or access violation: 1064 You have an error in your SQL syntax; check the manual that corresponds to your MySQL server version for the right syntax to use near 'AND status = 'A'' at line 1' in /home/ubuntu/workspace/jalowe/labs/lab5/index.php:85
Stack trace:
#0 /home/ubuntu/workspace/jalowe/labs/lab5/index.php(85): PDOStatement->execute(Array)
#1 /home/ubuntu/workspace/jalowe/labs/lab5/index.php(134): displayDevices()
#2 {main}
  thrown in /home/ubuntu/workspace/jalowe/labs/lab5/index.php on line 85
[16-Oct-2017 02:12:01 UTC] PHP Fatal error:  Uncaught exception 'PDOException' with message 'SQLSTATE[42000]: Syntax error or access violation: 1064 You have an error in your SQL syntax; check the manual that corresponds to your MySQL server version for the right syntax to use near 'AND status = 'A'' at line 1' in /home/ubuntu/workspace/jalowe/labs/lab5/index.php:85
Stack trace:
#0 /home/ubuntu/workspace/jalowe/labs/lab5/index.php(85): PDOStatement->execute(Array)
#1 /home/ubuntu/workspace/jalowe/labs/lab5/index.php(134): displayDevices()
#2 {main}
  thrown in /home/ubuntu/workspace/jalowe/labs/lab5/index.php on line 85
[16-Oct-2017 02:12:39 UTC] PHP Fatal error:  Uncaught exception 'PDOException' with message 'SQLSTATE[42000]: Syntax error or access violation: 1064 You have an error in your SQL syntax; check the manual that corresponds to your MySQL server version for the right syntax to use near 'AND status = 'A'' at line 1' in /home/ubuntu/workspace/jalowe/labs/lab5/index.php:85
Stack trace:
#0 /home/ubuntu/workspace/jalowe/labs/lab5/index.php(85): PDOStatement->execute(Array)
#1 /home/ubuntu/workspace/jalowe/labs/lab5/index.php(134): displayDevices()
#2 {main}
  thrown in /home/ubuntu/workspace/jalowe/labs/lab5/index.php on line 85
[16-Oct-2017 02:12:53 UTC] PHP Fatal error:  Uncaught exception 'PDOException' with message 'SQLSTATE[42000]: Syntax error or access violation: 1064 You have an error in your SQL syntax; check the manual that corresponds to your MySQL server version for the right syntax to use near 'AND status = 'A'' at line 1' in /home/ubuntu/workspace/jalowe/labs/lab5/index.php:85
Stack trace:
#0 /home/ubuntu/workspace/jalowe/labs/lab5/index.php(85): PDOStatement->execute(Array)
#1 /home/ubuntu/workspace/jalowe/labs/lab5/index.php(134): displayDevices()
#2 {main}
  thrown in /home/ubuntu/workspace/jalowe/labs/lab5/index.php on line 85
[16-Oct-2017 02:13:00 UTC] PHP Fatal error:  Uncaught exception 'PDOException' with message 'SQLSTATE[42000]: Syntax error or access violation: 1064 You have an error in your SQL syntax; check the manual that corresponds to your MySQL server version for the right syntax to use near 'AND status = 'A'' at line 1' in /home/ubuntu/workspace/jalowe/labs/lab5/index.php:85
Stack trace:
#0 /home/ubuntu/workspace/jalowe/labs/lab5/index.php(85): PDOStatement->execute(Array)
#1 /home/ubuntu/workspace/jalowe/labs/lab5/index.php(134): displayDevices()
#2 {main}
  thrown in /home/ubuntu/workspace/jalowe/labs/lab5/index.php on line 85
[16-Oct-2017 02:14:14 UTC] PHP Fatal error:  Uncaught exception 'PDOException' with message 'SQLSTATE[42000]: Syntax error or access violation: 1064 You have an error in your SQL syntax; check the manual that corresponds to your MySQL server version for the right syntax to use near 'AND status = 'A'' at line 1' in /home/ubuntu/workspace/jalowe/labs/lab5/index.php:86
Stack trace:
#0 /home/ubuntu/workspace/jalowe/labs/lab5/index.php(86): PDOStatement->execute(Array)
#1 /home/ubuntu/workspace/jalowe/labs/lab5/index.php(135): displayDevices()
#2 {main}
  thrown in /home/ubuntu/workspace/jalowe/labs/lab5/index.php on line 86
[16-Oct-2017 02:14:17 UTC] PHP Fatal error:  Uncaught exception 'PDOException' with message 'SQLSTATE[42000]: Syntax error or access violation: 1064 You have an error in your SQL syntax; check the manual that corresponds to your MySQL server version for the right syntax to use near 'AND status = 'A'' at line 1' in /home/ubuntu/workspace/jalowe/labs/lab5/index.php:86
Stack trace:
#0 /home/ubuntu/workspace/jalowe/labs/lab5/index.php(86): PDOStatement->execute(Array)
#1 /home/ubuntu/workspace/jalowe/labs/lab5/index.php(135): displayDevices()
#2 {main}
  thrown in /home/ubuntu/workspace/jalowe/labs/lab5/index.php on line 86
[16-Oct-2017 02:14:19 UTC] PHP Fatal error:  Uncaught exception 'PDOException' with message 'SQLSTATE[42000]: Syntax error or access violation: 1064 You have an error in your SQL syntax; check the manual that corresponds to your MySQL server version for the right syntax to use near 'AND status = 'A'' at line 1' in /home/ubuntu/workspace/jalowe/labs/lab5/index.php:86
Stack trace:
#0 /home/ubuntu/workspace/jalowe/labs/lab5/index.php(86): PDOStatement->execute(Array)
#1 /home/ubuntu/workspace/jalowe/labs/lab5/index.php(135): displayDevices()
#2 {main}
  thrown in /home/ubuntu/workspace/jalowe/labs/lab5/index.php on line 86
[16-Oct-2017 02:14:40 UTC] PHP Fatal error:  Uncaught exception 'PDOException' with message 'SQLSTATE[42000]: Syntax error or access violation: 1064 You have an error in your SQL syntax; check the manual that corresponds to your MySQL server version for the right syntax to use near 'AND status = 'A'' at line 1' in /home/ubuntu/workspace/jalowe/labs/lab5/index.php:86
Stack trace:
#0 /home/ubuntu/workspace/jalowe/labs/lab5/index.php(86): PDOStatement->execute(Array)
#1 /home/ubuntu/workspace/jalowe/labs/lab5/index.php(135): displayDevices()
#2 {main}
  thrown in /home/ubuntu/workspace/jalowe/labs/lab5/index.php on line 86
[16-Oct-2017 02:14:57 UTC] PHP Fatal error:  Uncaught exception 'PDOException' with message 'SQLSTATE[42000]: Syntax error or access violation: 1064 You have an error in your SQL syntax; check the manual that corresponds to your MySQL server version for the right syntax to use near 'AND status = 'A'' at line 1' in /home/ubuntu/workspace/jalowe/labs/lab5/index.php:87
Stack trace:
#0 /home/ubuntu/workspace/jalowe/labs/lab5/index.php(87): PDOStatement->execute(Array)
#1 /home/ubuntu/workspace/jalowe/labs/lab5/index.php(136): displayDevices()
#2 {main}
  thrown in /home/ubuntu/workspace/jalowe/labs/lab5/index.php on line 87
[16-Oct-2017 02:15:05 UTC] PHP Fatal error:  Uncaught exception 'PDOException' with message 'SQLSTATE[42000]: Syntax error or access violation: 1064 You have an error in your SQL syntax; check the manual that corresponds to your MySQL server version for the right syntax to use near 'AND status = 'A'' at line 1' in /home/ubuntu/workspace/jalowe/labs/lab5/index.php:87
Stack trace:
#0 /home/ubuntu/workspace/jalowe/labs/lab5/index.php(87): PDOStatement->execute(Array)
#1 /home/ubuntu/workspace/jalowe/labs/lab5/index.php(136): displayDevices()
#2 {main}
  thrown in /home/ubuntu/workspace/jalowe/labs/lab5/index.php on line 87
[16-Oct-2017 02:16:08 UTC] PHP Fatal error:  Uncaught exception 'PDOException' with message 'SQLSTATE[42000]: Syntax error or access violation: 1064 You have an error in your SQL syntax; check the manual that corresponds to your MySQL server version for the right syntax to use near 'AND status = 'A'' at line 1' in /home/ubuntu/workspace/jalowe/labs/lab5/index.php:86
Stack trace:
#0 /home/ubuntu/workspace/jalowe/labs/lab5/index.php(86): PDOStatement->execute(Array)
#1 /home/ubuntu/workspace/jalowe/labs/lab5/index.php(135): displayDevices()
#2 {main}
  thrown in /home/ubuntu/workspace/jalowe/labs/lab5/index.php on line 86
[16-Oct-2017 02:16:40 UTC] PHP Fatal error:  Uncaught exception 'PDOException' with message 'SQLSTATE[42000]: Syntax error or access violation: 1064 You have an error in your SQL syntax; check the manual that corresponds to your MySQL server version for the right syntax to use near 'AND status = 'A'' at line 1' in /home/ubuntu/workspace/jalowe/labs/lab5/index.php:86
Stack trace:
#0 /home/ubuntu/workspace/jalowe/labs/lab5/index.php(86): PDOStatement->execute(Array)
#1 /home/ubuntu/workspace/jalowe/labs/lab5/index.php(135): displayDevices()
#2 {main}
  thrown in /home/ubuntu/workspace/jalowe/labs/lab5/index.php on line 86
[16-Oct-2017 02:16:44 UTC] PHP Fatal error:  Uncaught exception 'PDOException' with message 'SQLSTATE[42000]: Syntax error or access violation: 1064 You have an error in your SQL syntax; check the manual that corresponds to your MySQL server version for the right syntax to use near 'AND status = 'A'' at line 1' in /home/ubuntu/workspace/jalowe/labs/lab5/index.php:86
Stack trace:
#0 /home/ubuntu/workspace/jalowe/labs/lab5/index.php(86): PDOStatement->execute(Array)
#1 /home/ubuntu/workspace/jalowe/labs/lab5/index.php(135): displayDevices()
#2 {main}
  thrown in /home/ubuntu/workspace/jalowe/labs/lab5/index.php on line 86
[16-Oct-2017 02:16:52 UTC] PHP Fatal error:  Uncaught exception 'PDOException' with message 'SQLSTATE[42000]: Syntax error or access violation: 1064 You have an error in your SQL syntax; check the manual that corresponds to your MySQL server version for the right syntax to use near 'AND status = 'A'' at line 1' in /home/ubuntu/workspace/jalowe/labs/lab5/index.php:86
Stack trace:
#0 /home/ubuntu/workspace/jalowe/labs/lab5/index.php(86): PDOStatement->execute(Array)
#1 /home/ubuntu/workspace/jalowe/labs/lab5/index.php(135): displayDevices()
#2 {main}
  thrown in /home/ubuntu/workspace/jalowe/labs/lab5/index.php on line 86
[16-Oct-2017 02:17:06 UTC] PHP Fatal error:  Uncaught exception 'PDOException' with message 'SQLSTATE[42000]: Syntax error or access violation: 1064 You have an error in your SQL syntax; check the manual that corresponds to your MySQL server version for the right syntax to use near 'AND status = 'A'' at line 1' in /home/ubuntu/workspace/jalowe/labs/lab5/index.php:86
Stack trace:
#0 /home/ubuntu/workspace/jalowe/labs/lab5/index.php(86): PDOStatement->execute(Array)
#1 /home/ubuntu/workspace/jalowe/labs/lab5/index.php(135): displayDevices()
#2 {main}
  thrown in /home/ubuntu/workspace/jalowe/labs/lab5/index.php on line 86
[16-Oct-2017 02:17:22 UTC] PHP Fatal error:  Uncaught exception 'PDOException' with message 'SQLSTATE[42000]: Syntax error or access violation: 1064 You have an error in your SQL syntax; check the manual that corresponds to your MySQL server version for the right syntax to use near 'AND status = 'A'' at line 1' in /home/ubuntu/workspace/jalowe/labs/lab5/index.php:86
Stack trace:
#0 /home/ubuntu/workspace/jalowe/labs/lab5/index.php(86): PDOStatement->execute(Array)
#1 /home/ubuntu/workspace/jalowe/labs/lab5/index.php(135): displayDevices()
#2 {main}
  thrown in /home/ubuntu/workspace/jalowe/labs/lab5/index.php on line 86
[16-Oct-2017 02:20:06 UTC] PHP Fatal error:  Uncaught exception 'PDOException' with message 'SQLSTATE[42000]: Syntax error or access violation: 1064 You have an error in your SQL syntax; check the manual that corresponds to your MySQL server version for the right syntax to use near 'AND status = 'A'' at line 1' in /home/ubuntu/workspace/jalowe/labs/lab5/index.php:87
Stack trace:
#0 /home/ubuntu/workspace/jalowe/labs/lab5/index.php(87): PDOStatement->execute(Array)
#1 /home/ubuntu/workspace/jalowe/labs/lab5/index.php(136): displayDevices()
#2 {main}
  thrown in /home/ubuntu/workspace/jalowe/labs/lab5/index.php on line 87
[16-Oct-2017 02:22:07 UTC] PHP Warning:  include(../../../dbConnection.php): failed to open stream: No such file or directory in /home/ubuntu/workspace/jalowe/labs/lab5/inc/functions.php on line 2
[16-Oct-2017 02:22:07 UTC] PHP Stack trace:
[16-Oct-2017 02:22:07 UTC] PHP   1. {main}() /home/ubuntu/workspace/jalowe/labs/lab5/index.php:0
[16-Oct-2017 02:22:07 UTC] PHP   2. include() /home/ubuntu/workspace/jalowe/labs/lab5/index.php:4
[16-Oct-2017 02:22:07 UTC] PHP Warning:  include(): Failed opening '../../../dbConnection.php' for inclusion (include_path='.:/usr/share/php:/usr/share/pear') in /home/ubuntu/workspace/jalowe/labs/lab5/inc/functions.php on line 2
[16-Oct-2017 02:22:07 UTC] PHP Stack trace:
[16-Oct-2017 02:22:07 UTC] PHP   1. {main}() /home/ubuntu/workspace/jalowe/labs/lab5/index.php:0
[16-Oct-2017 02:22:07 UTC] PHP   2. include() /home/ubuntu/workspace/jalowe/labs/lab5/index.php:4
[18-Oct-2017 20:13:00 UTC] PHP Fatal error:  Call to undefined function getDatabaseConnection() in /home/ubuntu/workspace/jalowe/labs/lab6/admin.php on line 5
[18-Oct-2017 20:13:00 UTC] PHP Stack trace:
[18-Oct-2017 20:13:00 UTC] PHP   1. {main}() /home/ubuntu/workspace/jalowe/labs/lab6/admin.php:0
[18-Oct-2017 20:13:00 UTC] PHP   2. displayUsers() /home/ubuntu/workspace/jalowe/labs/lab6/admin.php:31
[18-Oct-2017 20:13:21 UTC] PHP Fatal error:  Uncaught exception 'PDOException' with message 'SQLSTATE[42S02]: Base table or view not found: 1146 Table 'tcp.tc_users' doesn't exist' in /home/ubuntu/workspace/jalowe/labs/lab6/admin.php:18
Stack trace:
#0 /home/ubuntu/workspace/jalowe/labs/lab6/admin.php(18): PDOStatement->execute()
#1 /home/ubuntu/workspace/jalowe/labs/lab6/admin.php(35): displayUsers()
#2 {main}
  thrown in /home/ubuntu/workspace/jalowe/labs/lab6/admin.php on line 18
[18-Oct-2017 20:13:29 UTC] PHP Fatal error:  Uncaught exception 'PDOException' with message 'SQLSTATE[42S02]: Base table or view not found: 1146 Table 'tcp.tc_users' doesn't exist' in /home/ubuntu/workspace/jalowe/labs/lab6/admin.php:18
Stack trace:
#0 /home/ubuntu/workspace/jalowe/labs/lab6/admin.php(18): PDOStatement->execute()
#1 /home/ubuntu/workspace/jalowe/labs/lab6/admin.php(35): displayUsers()
#2 {main}
  thrown in /home/ubuntu/workspace/jalowe/labs/lab6/admin.php on line 18
[18-Oct-2017 20:14:02 UTC] PHP Fatal error:  Uncaught exception 'PDOException' with message 'SQLSTATE[42S02]: Base table or view not found: 1146 Table 'tcp.tc_users' doesn't exist' in /home/ubuntu/workspace/jalowe/labs/lab6/admin.php:18
Stack trace:
#0 /home/ubuntu/workspace/jalowe/labs/lab6/admin.php(18): PDOStatement->execute()
#1 /home/ubuntu/workspace/jalowe/labs/lab6/admin.php(35): displayUsers()
#2 {main}
  thrown in /home/ubuntu/workspace/jalowe/labs/lab6/admin.php on line 18
[18-Oct-2017 20:18:12 UTC] PHP Warning:  Invalid argument supplied for foreach() in /home/ubuntu/workspace/jalowe/labs/lab6/admin.php on line 21
[18-Oct-2017 20:18:12 UTC] PHP Stack trace:
[18-Oct-2017 20:18:12 UTC] PHP   1. {main}() /home/ubuntu/workspace/jalowe/labs/lab6/admin.php:0
[18-Oct-2017 20:18:12 UTC] PHP   2. displayUsers() /home/ubuntu/workspace/jalowe/labs/lab6/admin.php:40
[25-Oct-2017 19:39:28 UTC] PHP Fatal error:  Call to undefined function getDepartmentInfo() in /home/ubuntu/workspace/jalowe/labs/lab6/addUser.php on line 36
[25-Oct-2017 19:39:28 UTC] PHP Stack trace:
[25-Oct-2017 19:39:28 UTC] PHP   1. {main}() /home/ubuntu/workspace/jalowe/labs/lab6/addUser.php:0
[25-Oct-2017 19:42:26 UTC] PHP Fatal error:  Call to undefined function getDepartmentInfo() in /home/ubuntu/workspace/jalowe/labs/lab6/addUser.php on line 46
[25-Oct-2017 19:42:26 UTC] PHP Stack trace:
[25-Oct-2017 19:42:26 UTC] PHP   1. {main}() /home/ubuntu/workspace/jalowe/labs/lab6/addUser.php:0
[27-Oct-2017 20:31:18 UTC] PHP Parse error:  syntax error, unexpected 'echo' (T_ECHO), expecting ',' or ';' in /home/ubuntu/workspace/jalowe/labs/lab6/admin.php on line 78
[27-Oct-2017 20:38:57 UTC] PHP Fatal error:  Function name must be a string in /home/ubuntu/workspace/jalowe/labs/lab6/displayInfo.php on line 40
[27-Oct-2017 20:38:57 UTC] PHP Stack trace:
[27-Oct-2017 20:38:57 UTC] PHP   1. {main}() /home/ubuntu/workspace/jalowe/labs/lab6/displayInfo.php:0
[27-Oct-2017 20:39:50 UTC] PHP Fatal error:  Uncaught exception 'PDOException' with message 'SQLSTATE[42000]: Syntax error or access violation: 1064 You have an error in your SQL syntax; check the manual that corresponds to your MySQL server version for the right syntax to use near '' at line 3' in /home/ubuntu/workspace/jalowe/labs/lab6/displayInfo.php:19
Stack trace:
#0 /home/ubuntu/workspace/jalowe/labs/lab6/displayInfo.php(19): PDOStatement->execute()
#1 /home/ubuntu/workspace/jalowe/labs/lab6/displayInfo.php(40): getUserInfo(NULL)
#2 {main}
  thrown in /home/ubuntu/workspace/jalowe/labs/lab6/displayInfo.php on line 19
