[29-Sep-2017 20:43:22 UTC] PHP Fatal error:  Class 'PMA\libraries\Footer' not found in /home/ubuntu/workspace/phpMyAdmin/libraries/Response.php on line 97
[29-Sep-2017 20:43:22 UTC] PHP Stack trace:
[29-Sep-2017 20:43:22 UTC] PHP   1. {main}() /home/ubuntu/workspace/phpMyAdmin/index.php:0
[29-Sep-2017 20:43:22 UTC] PHP   2. require_once() /home/ubuntu/workspace/phpMyAdmin/index.php:20
[29-Sep-2017 20:43:22 UTC] PHP   3. PMA\libraries\plugins\auth\AuthenticationCookie->auth() /home/ubuntu/workspace/phpMyAdmin/libraries/common.inc.php:672
[29-Sep-2017 20:43:22 UTC] PHP   4. PMA\libraries\Response::getInstance() /home/ubuntu/workspace/phpMyAdmin/libraries/plugins/auth/AuthenticationCookie.php:83
[29-Sep-2017 20:43:22 UTC] PHP   5. PMA\libraries\Response->__construct() /home/ubuntu/workspace/phpMyAdmin/libraries/Response.php:128
[29-Sep-2017 20:43:31 UTC] PHP Fatal error:  Class 'PMA\libraries\Footer' not found in /home/ubuntu/workspace/phpMyAdmin/libraries/Response.php on line 97
[29-Sep-2017 20:43:31 UTC] PHP Stack trace:
[29-Sep-2017 20:43:31 UTC] PHP   1. {main}() /home/ubuntu/workspace/phpMyAdmin/index.php:0
[29-Sep-2017 20:43:31 UTC] PHP   2. require_once() /home/ubuntu/workspace/phpMyAdmin/index.php:20
[29-Sep-2017 20:43:31 UTC] PHP   3. PMA\libraries\plugins\auth\AuthenticationCookie->auth() /home/ubuntu/workspace/phpMyAdmin/libraries/common.inc.php:672
[29-Sep-2017 20:43:31 UTC] PHP   4. PMA\libraries\Response::getInstance() /home/ubuntu/workspace/phpMyAdmin/libraries/plugins/auth/AuthenticationCookie.php:83
[29-Sep-2017 20:43:31 UTC] PHP   5. PMA\libraries\Response->__construct() /home/ubuntu/workspace/phpMyAdmin/libraries/Response.php:128
[29-Sep-2017 20:44:39 UTC] PHP Fatal error:  Class 'PMA\libraries\Footer' not found in /home/ubuntu/workspace/phpMyAdmin/libraries/Response.php on line 97
[29-Sep-2017 20:44:39 UTC] PHP Stack trace:
[29-Sep-2017 20:44:39 UTC] PHP   1. {main}() /home/ubuntu/workspace/phpMyAdmin/index.php:0
[29-Sep-2017 20:44:39 UTC] PHP   2. require_once() /home/ubuntu/workspace/phpMyAdmin/index.php:20
[29-Sep-2017 20:44:39 UTC] PHP   3. PMA\libraries\plugins\auth\AuthenticationCookie->auth() /home/ubuntu/workspace/phpMyAdmin/libraries/common.inc.php:672
[29-Sep-2017 20:44:39 UTC] PHP   4. PMA\libraries\Response::getInstance() /home/ubuntu/workspace/phpMyAdmin/libraries/plugins/auth/AuthenticationCookie.php:83
[29-Sep-2017 20:44:39 UTC] PHP   5. PMA\libraries\Response->__construct() /home/ubuntu/workspace/phpMyAdmin/libraries/Response.php:128
[29-Sep-2017 20:45:11 UTC] PHP Fatal error:  Class 'PMA\libraries\Footer' not found in /home/ubuntu/workspace/phpMyAdmin/libraries/Response.php on line 97
[29-Sep-2017 20:45:11 UTC] PHP Stack trace:
[29-Sep-2017 20:45:11 UTC] PHP   1. {main}() /home/ubuntu/workspace/phpMyAdmin/index.php:0
[29-Sep-2017 20:45:11 UTC] PHP   2. require_once() /home/ubuntu/workspace/phpMyAdmin/index.php:20
[29-Sep-2017 20:45:11 UTC] PHP   3. PMA\libraries\plugins\auth\AuthenticationCookie->auth() /home/ubuntu/workspace/phpMyAdmin/libraries/common.inc.php:672
[29-Sep-2017 20:45:11 UTC] PHP   4. PMA\libraries\Response::getInstance() /home/ubuntu/workspace/phpMyAdmin/libraries/plugins/auth/AuthenticationCookie.php:83
[29-Sep-2017 20:45:11 UTC] PHP   5. PMA\libraries\Response->__construct() /home/ubuntu/workspace/phpMyAdmin/libraries/Response.php:128
[11-Oct-2017 19:53:56 UTC] PHP Parse error:  syntax error, unexpected '$username' (T_VARIABLE) in /home/ubuntu/workspace/phpMyAdmin/sql_joins.php on line 4
[08-Nov-2017 19:54:59 UTC] PHP Fatal error:  Uncaught exception 'PDOException' with message 'SQLSTATE[HY000] [1049] Unknown database 'group_project_2'' in /home/ubuntu/workspace/project2_336/dbConnections.php:22
Stack trace:
#0 /home/ubuntu/workspace/project2_336/dbConnections.php(22): PDO->__construct('mysql:host=loca...', 'root', '')
#1 /home/ubuntu/workspace/project2_336/index.php(11): getDatabaseConnection()
#2 {main}
  thrown in /home/ubuntu/workspace/project2_336/dbConnections.php on line 22
[08-Nov-2017 19:56:42 UTC] PHP Fatal error:  Uncaught exception 'PDOException' with message 'SQLSTATE[HY000] [1049] Unknown database 'group_project_2'' in /home/ubuntu/workspace/project2_336/dbConnections.php:22
Stack trace:
#0 /home/ubuntu/workspace/project2_336/dbConnections.php(22): PDO->__construct('mysql:host=loca...', 'root', '')
#1 /home/ubuntu/workspace/project2_336/index.php(11): getDatabaseConnection()
#2 {main}
  thrown in /home/ubuntu/workspace/project2_336/dbConnections.php on line 22
